<?xml version="1.0" encoding="UTF-8"?>
<!-- Generated by org.testng.reporters.JUnitReportReporter -->
<testsuite skipped="0" hostname="DESKTOP-SUBMG1D" name="Nema.HtmlCompare" tests="1" failures="0" timestamp="04 Apr 2019 12:50:33 GMT" time="29.931" errors="0">
  <testcase name="Html_test" time="29.931" classname="Nema.HtmlCompare"/>
</testsuite> <!-- Nema.HtmlCompare -->
